# JRE version: Java(TM) SE Runtime Environment (14.0+36) (build 14+36-1461)
# Java VM: Java HotSpot(TM) 64-Bit Server VM (14+36-1461, mixed mode, sharing, tiered, compressed oops, g1 gc, windows-amd64)
Heap:
 garbage-first heap   total 246784K, used 87225K [0x0000000741e00000, 0x0000000800000000)
  region size 1024K, 8 young (8192K), 8 survivors (8192K)
 Metaspace       used 33462K, capacity 34490K, committed 34560K, reserved 1079296K
  class space    used 3615K, capacity 4028K, committed 4096K, reserved 1048576K
GC Heap History (20 events):
Event: 5.021 GC heap after
{Heap after GC invocations=16 (full 2):
 garbage-first heap   total 86016K, used 47342K [0x0000000741e00000, 0x0000000800000000)
  region size 1024K, 1 young (1024K), 1 survivors (1024K)
 Metaspace       used 25688K, capacity 26446K, committed 26752K, reserved 1073152K
  class space    used 2864K, capacity 3146K, committed 3200K, reserved 1048576K
}
Event: 5.142 GC heap before
{Heap before GC invocations=17 (full 2):
 garbage-first heap   total 91136K, used 63726K [0x0000000741e00000, 0x0000000800000000)
  region size 1024K, 18 young (18432K), 1 survivors (1024K)
 Metaspace       used 25710K, capacity 26510K, committed 26752K, reserved 1073152K
  class space    used 2864K, capacity 3146K, committed 3200K, reserved 1048576K
}
Event: 5.145 GC heap after
{Heap after GC invocations=18 (full 2):
 garbage-first heap   total 91136K, used 50154K [0x0000000741e00000, 0x0000000800000000)
  region size 1024K, 3 young (3072K), 3 survivors (3072K)
 Metaspace       used 25710K, capacity 26510K, committed 26752K, reserved 1073152K
  class space    used 2864K, capacity 3146K, committed 3200K, reserved 1048576K
}
Event: 5.303 GC heap before
{Heap before GC invocations=18 (full 2):
 garbage-first heap   total 91136K, used 69610K [0x0000000741e00000, 0x0000000800000000)
  region size 1024K, 22 young (22528K), 3 survivors (3072K)
 Metaspace       used 25735K, capacity 26510K, committed 26752K, reserved 1073152K
  class space    used 2864K, capacity 3146K, committed 3200K, reserved 1048576K
}
Event: 5.308 GC heap after
{Heap after GC invocations=19 (full 2):
 garbage-first heap   total 109568K, used 56616K [0x0000000741e00000, 0x0000000800000000)
  region size 1024K, 3 young (3072K), 3 survivors (3072K)
 Metaspace       used 25735K, capacity 26510K, committed 26752K, reserved 1073152K
  class space    used 2864K, capacity 3146K, committed 3200K, reserved 1048576K
}
Event: 5.517 GC heap before
{Heap before GC invocations=20 (full 2):
 garbage-first heap   total 109568K, used 81192K [0x0000000741e00000, 0x0000000800000000)
  region size 1024K, 27 young (27648K), 3 survivors (3072K)
 Metaspace       used 25992K, capacity 26766K, committed 27008K, reserved 1073152K
  class space    used 2890K, capacity 3166K, committed 3200K, reserved 1048576K
}
Event: 5.524 GC heap after
{Heap after GC invocations=21 (full 2):
 garbage-first heap   total 109568K, used 63082K [0x0000000741e00000, 0x0000000800000000)
  region size 1024K, 4 young (4096K), 4 survivors (4096K)
 Metaspace       used 25992K, capacity 26766K, committed 27008K, reserved 1073152K
  class space    used 2890K, capacity 3166K, committed 3200K, reserved 1048576K
}
Event: 5.626 GC heap before
{Heap before GC invocations=21 (full 2):
 garbage-first heap   total 109568K, used 76394K [0x0000000741e00000, 0x0000000800000000)
  region size 1024K, 18 young (18432K), 4 survivors (4096K)
 Metaspace       used 26440K, capacity 27265K, committed 27392K, reserved 1073152K
  class space    used 2920K, capacity 3223K, committed 3328K, reserved 1048576K
}
Event: 5.633 GC heap after
{Heap after GC invocations=22 (full 2):
 garbage-first heap   total 109568K, used 66009K [0x0000000741e00000, 0x0000000800000000)
  region size 1024K, 3 young (3072K), 3 survivors (3072K)
 Metaspace       used 26440K, capacity 27265K, committed 27392K, reserved 1073152K
  class space    used 2920K, capacity 3223K, committed 3328K, reserved 1048576K
}
Event: 5.750 GC heap before
{Heap before GC invocations=23 (full 2):
 garbage-first heap   total 122880K, used 85465K [0x0000000741e00000, 0x0000000800000000)
  region size 1024K, 21 young (21504K), 3 survivors (3072K)
 Metaspace       used 26624K, capacity 27413K, committed 27648K, reserved 1073152K
  class space    used 2921K, capacity 3223K, committed 3328K, reserved 1048576K
}
Event: 5.758 GC heap after
{Heap after GC invocations=24 (full 2):
 garbage-first heap   total 122880K, used 69956K [0x0000000741e00000, 0x0000000800000000)
  region size 1024K, 3 young (3072K), 3 survivors (3072K)
 Metaspace       used 26624K, capacity 27413K, committed 27648K, reserved 1073152K
  class space    used 2921K, capacity 3223K, committed 3328K, reserved 1048576K
}
Event: 5.765 GC heap before
{Heap before GC invocations=24 (full 2):
 garbage-first heap   total 122880K, used 72004K [0x0000000741e00000, 0x0000000800000000)
  region size 1024K, 6 young (6144K), 3 survivors (3072K)
 Metaspace       used 26645K, capacity 27480K, committed 27648K, reserved 1073152K
  class space    used 2924K, capacity 3223K, committed 3328K, reserved 1048576K
}
Event: 5.771 GC heap after
{Heap after GC invocations=25 (full 2):
 garbage-first heap   total 182272K, used 70394K [0x0000000741e00000, 0x0000000800000000)
  region size 1024K, 1 young (1024K), 1 survivors (1024K)
 Metaspace       used 26645K, capacity 27480K, committed 27648K, reserved 1073152K
  class space    used 2924K, capacity 3223K, committed 3328K, reserved 1048576K
}
Event: 6.412 GC heap before
{Heap before GC invocations=26 (full 2):
 garbage-first heap   total 182272K, used 134906K [0x0000000741e00000, 0x0000000800000000)
  region size 1024K, 62 young (63488K), 1 survivors (1024K)
 Metaspace       used 29216K, capacity 30157K, committed 30464K, reserved 1077248K
  class space    used 3160K, capacity 3490K, committed 3584K, reserved 1048576K
}
Event: 6.416 GC heap after
{Heap after GC invocations=27 (full 2):
 garbage-first heap   total 182272K, used 74798K [0x0000000741e00000, 0x0000000800000000)
  region size 1024K, 4 young (4096K), 4 survivors (4096K)
 Metaspace       used 29216K, capacity 30157K, committed 30464K, reserved 1077248K
  class space    used 3160K, capacity 3490K, committed 3584K, reserved 1048576K
}
Event: 6.867 GC heap before
{Heap before GC invocations=27 (full 2):
 garbage-first heap   total 182272K, used 137262K [0x0000000741e00000, 0x0000000800000000)
  region size 1024K, 65 young (66560K), 4 survivors (4096K)
 Metaspace       used 29753K, capacity 30676K, committed 30976K, reserved 1077248K
  class space    used 3183K, capacity 3508K, committed 3584K, reserved 1048576K
}
Event: 6.873 GC heap after
{Heap after GC invocations=28 (full 2):
 garbage-first heap   total 182272K, used 77002K [0x0000000741e00000, 0x0000000800000000)
  region size 1024K, 6 young (6144K), 6 survivors (6144K)
 Metaspace       used 29753K, capacity 30676K, committed 30976K, reserved 1077248K
  class space    used 3183K, capacity 3508K, committed 3584K, reserved 1048576K
}
Event: 7.354 GC heap before
{Heap before GC invocations=28 (full 2):
 garbage-first heap   total 182272K, used 141514K [0x0000000741e00000, 0x0000000800000000)
  region size 1024K, 69 young (70656K), 6 survivors (6144K)
 Metaspace       used 29992K, capacity 30979K, committed 31232K, reserved 1077248K
  class space    used 3191K, capacity 3543K, committed 3584K, reserved 1048576K
}
Event: 7.361 GC heap after
{Heap after GC invocations=29 (full 2):
 garbage-first heap   total 182272K, used 78061K [0x0000000741e00000, 0x0000000800000000)
  region size 1024K, 5 young (5120K), 5 survivors (5120K)
 Metaspace       used 29992K, capacity 30979K, committed 31232K, reserved 1077248K
  class space    used 3191K, capacity 3543K, committed 3584K, reserved 1048576K
}
Event: 9.102 GC heap before
{Heap before GC invocations=29 (full 2):
 garbage-first heap   total 182272K, used 131309K [0x0000000741e00000, 0x0000000800000000)
  region size 1024K, 52 young (53248K), 5 survivors (5120K)
 Metaspace       used 33462K, capacity 34490K, committed 34560K, reserved 1079296K
  class space    used 3615K, capacity 4028K, committed 4096K, reserved 1048576K
}

